<?xml version="1.0" encoding="UTF-8"?>
<!-- Generated by org.testng.reporters.JUnitReportReporter -->
<testsuite hostname="LAPTOP-CNDP6MT4" failures="0" tests="1" name="org.execution.TC07_AdactinLoginAgain" time="3.263" errors="0" timestamp="22 Aug 2024 12:55:18 GMT" skipped="0">
  <testcase classname="org.execution.TC07_AdactinLoginAgain" name="AgainLogin" time="3.263"/>
</testsuite> <!-- org.execution.TC07_AdactinLoginAgain -->
