<?xml version="1.0" encoding="UTF-8"?>
<!-- Generated by org.testng.reporters.JUnitReportReporter -->
<testsuite hostname="LAPTOP-CNDP6MT4" failures="0" tests="2" name="org.execution.TC03_AdactinSelectHotel" time="6.750" errors="0" timestamp="22 Aug 2024 12:55:18 GMT" skipped="0">
  <testcase classname="org.execution.TC03_AdactinSelectHotel" name="SelectHotel" time="0.041"/>
  <testcase classname="org.execution.TC03_AdactinSelectHotel" name="SelectAndContinue" time="6.709"/>
</testsuite> <!-- org.execution.TC03_AdactinSelectHotel -->
