<?xml version="1.0" encoding="UTF-8"?>
<!-- Generated by org.testng.reporters.JUnitReportReporter -->
<testsuite hostname="LAPTOP-CNDP6MT4" failures="0" tests="2" name="org.execution.TC02_AdactinSearchHotelPage" time="4.690" errors="0" timestamp="22 Aug 2024 12:55:18 GMT" skipped="0">
  <testcase classname="org.execution.TC02_AdactinSearchHotelPage" name="Validate_SearchHotelPage" time="0.083"/>
  <testcase classname="org.execution.TC02_AdactinSearchHotelPage" name="SelectHotel_Details" time="4.607"/>
</testsuite> <!-- org.execution.TC02_AdactinSearchHotelPage -->
