<?xml version="1.0" encoding="UTF-8"?>
<!-- Generated by org.testng.reporters.JUnitReportReporter -->
<testsuite hostname="LAPTOP-CNDP6MT4" failures="0" tests="2" name="org.execution.TC05_AdactinBookingConfirmation" time="7.019" errors="0" timestamp="22 Aug 2024 12:55:18 GMT" skipped="0">
  <testcase classname="org.execution.TC05_AdactinBookingConfirmation" name="Validate_BookingConfirmation" time="0.031"/>
  <testcase classname="org.execution.TC05_AdactinBookingConfirmation" name="BookingConfirmation" time="6.988"/>
</testsuite> <!-- org.execution.TC05_AdactinBookingConfirmation -->
