<?xml version="1.0" encoding="UTF-8"?>
<!-- Generated by org.testng.reporters.JUnitReportReporter -->
<testsuite hostname="LAPTOP-CNDP6MT4" failures="0" tests="2" name="org.execution.TC06_AdactinBookedItinerary" time="15.647" errors="0" timestamp="22 Aug 2024 12:55:18 GMT" skipped="0">
  <testcase classname="org.execution.TC06_AdactinBookedItinerary" name="Validate_BookedItinerary" time="6.370"/>
  <testcase classname="org.execution.TC06_AdactinBookedItinerary" name="CancelBookedRooms" time="9.277"/>
</testsuite> <!-- org.execution.TC06_AdactinBookedItinerary -->
