<?xml version="1.0" encoding="UTF-8"?>
<!-- Generated by org.testng.reporters.JUnitReportReporter -->
<testsuite hostname="LAPTOP-CNDP6MT4" failures="0" tests="2" name="org.execution.TC04_AdactinBookHotel" time="11.268" errors="0" timestamp="22 Aug 2024 12:55:18 GMT" skipped="0">
  <testcase classname="org.execution.TC04_AdactinBookHotel" name="Validate_Bookhotel" time="0.027"/>
  <testcase classname="org.execution.TC04_AdactinBookHotel" name="BookHotelDetails" time="11.241"/>
</testsuite> <!-- org.execution.TC04_AdactinBookHotel -->
