<?xml version="1.0" encoding="UTF-8"?>
<!-- Generated by org.testng.reporters.JUnitReportReporter -->
<testsuite hostname="LAPTOP-CNDP6MT4" failures="0" tests="1" name="org.execution.TC08_AgainLoginPage" time="2.170" errors="0" timestamp="04 Oct 2024 09:04:32 GMT" skipped="0">
  <testcase classname="org.execution.TC08_AgainLoginPage" name="ValidateHomePage" time="2.170"/>
</testsuite> <!-- org.execution.TC08_AgainLoginPage -->
