<?xml version="1.0" encoding="UTF-8"?>
<!-- Generated by org.testng.reporters.JUnitReportReporter -->
<testsuite hostname="LAPTOP-CNDP6MT4" failures="0" tests="2" name="org.execution.TC01_BrowserLaunch" time="9.337" errors="0" timestamp="04 Oct 2024 09:04:32 GMT" skipped="0">
  <testcase classname="org.execution.TC01_BrowserLaunch" name="LaunchBrowser" time="9.197"/>
  <testcase classname="org.execution.TC01_BrowserLaunch" name="ValidateLoginPage" time="0.140"/>
</testsuite> <!-- org.execution.TC01_BrowserLaunch -->
