<?xml version="1.0" encoding="UTF-8"?>
<!-- Generated by org.testng.reporters.JUnitReportReporter -->
<testsuite hostname="LAPTOP-CNDP6MT4" failures="0" tests="2" name="org.execution.TC07_ShipingPage" time="29.085" errors="0" timestamp="04 Oct 2024 09:04:32 GMT" skipped="0">
  <testcase classname="org.execution.TC07_ShipingPage" name="Validate_Shpping_page" time="5.094"/>
  <testcase classname="org.execution.TC07_ShipingPage" name="EnterShippingDetails" time="23.991"/>
</testsuite> <!-- org.execution.TC07_ShipingPage -->
