<?xml version="1.0" encoding="UTF-8"?>
<!-- Generated by org.testng.reporters.JUnitReportReporter -->
<testsuite hostname="LAPTOP-CNDP6MT4" failures="0" tests="1" name="org.execution.TC06_CartPage" time="6.367" errors="0" timestamp="04 Oct 2024 09:04:32 GMT" skipped="0">
  <testcase classname="org.execution.TC06_CartPage" name="CartPage" time="6.367"/>
</testsuite> <!-- org.execution.TC06_CartPage -->
