<?xml version="1.0" encoding="UTF-8"?>
<!-- Generated by org.testng.reporters.JUnitReportReporter -->
<testsuite hostname="LAPTOP-CNDP6MT4" failures="0" tests="2" name="org.execution.TC04_BiharDiariesPage" time="3.029" errors="0" timestamp="04 Oct 2024 09:04:32 GMT" skipped="0">
  <testcase classname="org.execution.TC04_BiharDiariesPage" name="ValidateBiharDiariesPage" time="0.116"/>
  <testcase classname="org.execution.TC04_BiharDiariesPage" name="AddToCart" time="2.913"/>
</testsuite> <!-- org.execution.TC04_BiharDiariesPage -->
