<?xml version="1.0" encoding="UTF-8"?>
<!-- Generated by org.testng.reporters.JUnitReportReporter -->
<testsuite hostname="LAPTOP-CNDP6MT4" failures="0" tests="2" name="org.execution.TC02_LoginPage" time="20.624" errors="0" timestamp="04 Oct 2024 09:04:32 GMT" skipped="0">
  <testcase classname="org.execution.TC02_LoginPage" name="Validate_Login_page" time="0.226"/>
  <testcase classname="org.execution.TC02_LoginPage" name="EnterCredentials" time="20.398"/>
</testsuite> <!-- org.execution.TC02_LoginPage -->
