<?xml version="1.0" encoding="UTF-8"?>
<!-- Generated by org.testng.reporters.JUnitReportReporter -->
<testsuite hostname="LAPTOP-CNDP6MT4" failures="0" tests="1" name="org.execution.TC03_FictionBooksPage" time="1.435" errors="0" timestamp="04 Oct 2024 09:04:32 GMT" skipped="0">
  <testcase classname="org.execution.TC03_FictionBooksPage" name="ValidateFictionPage" time="1.435"/>
</testsuite> <!-- org.execution.TC03_FictionBooksPage -->
