<?xml version="1.0" encoding="UTF-8"?>
<!-- Generated by org.testng.reporters.JUnitReportReporter -->
<testsuite hostname="LAPTOP-CNDP6MT4" failures="0" tests="2" name="org.execution.TC05_AgainFictionBooksPage" time="13.884" errors="0" timestamp="04 Oct 2024 09:04:31 GMT" skipped="0">
  <testcase classname="org.execution.TC05_AgainFictionBooksPage" name="ValidateFictionPageAgain" time="0.063"/>
  <testcase classname="org.execution.TC05_AgainFictionBooksPage" name="AddBooksToCart" time="13.821"/>
</testsuite> <!-- org.execution.TC05_AgainFictionBooksPage -->
