<?xml version="1.0" encoding="UTF-8"?>
<!-- Generated by org.testng.reporters.JUnitReportReporter -->
<testsuite hostname="LAPTOP-CNDP6MT4" failures="0" tests="2" name="org.execution.TC02_LoginPage" time="15.434" errors="0" timestamp="18 Aug 2024 13:10:32 GMT" skipped="0">
  <testcase classname="org.execution.TC02_LoginPage" name="Validate_Login_page" time="0.056"/>
  <testcase classname="org.execution.TC02_LoginPage" name="EnterCredentials" time="15.378"/>
</testsuite> <!-- org.execution.TC02_LoginPage -->
