<?xml version="1.0" encoding="UTF-8"?>
<!-- Generated by org.testng.reporters.JUnitReportReporter -->
<testsuite hostname="LAPTOP-CNDP6MT4" failures="0" tests="1" name="org.execution.TC08_AgainLoginPage" time="1.363" errors="0" timestamp="18 Aug 2024 13:10:32 GMT" skipped="0">
  <testcase classname="org.execution.TC08_AgainLoginPage" name="ValidateHomePage" time="1.363"/>
</testsuite> <!-- org.execution.TC08_AgainLoginPage -->
