<?xml version="1.0" encoding="UTF-8"?>
<!-- Generated by org.testng.reporters.JUnitReportReporter -->
<testsuite hostname="LAPTOP-CNDP6MT4" failures="0" tests="2" name="org.execution.TC05_AgainFictionBooksPage" time="13.263" errors="0" timestamp="18 Aug 2024 13:10:32 GMT" skipped="0">
  <testcase classname="org.execution.TC05_AgainFictionBooksPage" name="ValidateFictionPageAgain" time="0.063"/>
  <testcase classname="org.execution.TC05_AgainFictionBooksPage" name="AddBooksToCart" time="13.200"/>
</testsuite> <!-- org.execution.TC05_AgainFictionBooksPage -->
