<?xml version="1.0" encoding="UTF-8"?>
<!-- Generated by org.testng.reporters.JUnitReportReporter -->
<testsuite hostname="LAPTOP-CNDP6MT4" failures="0" tests="2" name="org.execution.TC07_ShipingPage" time="28.360" errors="0" timestamp="18 Aug 2024 13:10:32 GMT" skipped="0">
  <testcase classname="org.execution.TC07_ShipingPage" name="Validate_Shpping_page" time="5.072"/>
  <testcase classname="org.execution.TC07_ShipingPage" name="EnterShippingDetails" time="23.288"/>
</testsuite> <!-- org.execution.TC07_ShipingPage -->
