<?xml version="1.0" encoding="UTF-8"?>
<!-- Generated by org.testng.reporters.JUnitReportReporter -->
<testsuite hostname="LAPTOP-CNDP6MT4" failures="0" tests="2" name="org.execution.TC04_BiharDiariesPage" time="2.682" errors="0" timestamp="18 Aug 2024 13:10:32 GMT" skipped="0">
  <testcase classname="org.execution.TC04_BiharDiariesPage" name="ValidateBiharDiariesPage" time="0.112"/>
  <testcase classname="org.execution.TC04_BiharDiariesPage" name="AddToCart" time="2.570"/>
</testsuite> <!-- org.execution.TC04_BiharDiariesPage -->
