<?xml version="1.0" encoding="UTF-8"?>
<!-- Generated by org.testng.reporters.JUnitReportReporter -->
<testsuite hostname="LAPTOP-CNDP6MT4" failures="0" tests="2" name="org.execution.TC01_BrowserLaunch" time="6.742" errors="0" timestamp="18 Aug 2024 13:10:32 GMT" skipped="0">
  <testcase classname="org.execution.TC01_BrowserLaunch" name="LaunchBrowser" time="6.677"/>
  <testcase classname="org.execution.TC01_BrowserLaunch" name="ValidateLoginPage" time="0.065"/>
</testsuite> <!-- org.execution.TC01_BrowserLaunch -->
