<?xml version="1.0" encoding="UTF-8"?>
<!-- Generated by org.testng.reporters.JUnitReportReporter -->
<testsuite hostname="LAPTOP-CNDP6MT4" failures="0" tests="1" name="org.execution.TC06_CartPage" time="6.221" errors="0" timestamp="18 Aug 2024 13:10:32 GMT" skipped="0">
  <testcase classname="org.execution.TC06_CartPage" name="CartPage" time="6.221"/>
</testsuite> <!-- org.execution.TC06_CartPage -->
