<?xml version="1.0" encoding="UTF-8"?>
<!-- Generated by org.testng.reporters.JUnitReportReporter -->
<testsuite hostname="LAPTOP-CNDP6MT4" failures="0" tests="2" name="org.execution.TC01_LoginPage" time="13.535" errors="0" timestamp="22 Aug 2024 08:40:51 GMT" skipped="0">
  <testcase classname="org.execution.TC01_LoginPage" name="ValidateLoginPage" time="13.363"/>
  <testcase classname="org.execution.TC01_LoginPage" name="EnterCredentials" time="0.172"/>
</testsuite> <!-- org.execution.TC01_LoginPage -->
