<?xml version="1.0" encoding="UTF-8"?>
<!-- Generated by org.testng.reporters.JUnitReportReporter -->
<testsuite hostname="LAPTOP-CNDP6MT4" failures="0" tests="1" name="harikrish.SwipeGesture" time="6.248" errors="0" timestamp="2025-01-19T19:35:56 IST" skipped="0">
  <testcase classname="harikrish.SwipeGesture" name="SwipeDemoTest" time="6.248"/>
</testsuite> <!-- harikrish.SwipeGesture -->
