<?xml version="1.0" encoding="UTF-8"?>
<!-- Generated by org.testng.reporters.JUnitReportReporter -->
<testsuite hostname="LAPTOP-CNDP6MT4" failures="0" tests="1" name="harikrish.DragAndDrop" time="6.139" errors="0" timestamp="2025-01-19T19:57:37 IST" skipped="0">
  <testcase classname="harikrish.DragAndDrop" name="DragAndDropDemo" time="6.139"/>
</testsuite> <!-- harikrish.DragAndDrop -->
