<?xml version="1.0" encoding="UTF-8"?>
<!-- Generated by org.testng.reporters.JUnitReportReporter -->
<testsuite hostname="LAPTOP-CNDP6MT4" failures="0" tests="1" name="harikrish.ScrollDemo" time="27.735" errors="0" timestamp="2025-01-19T11:51:00 IST" skipped="0">
  <testcase classname="harikrish.ScrollDemo" name="ScrollDemoTest" time="27.735"/>
</testsuite> <!-- harikrish.ScrollDemo -->
