<?xml version="1.0" encoding="UTF-8"?>
<!-- Generated by org.testng.reporters.JUnitReportReporter -->
<testsuite hostname="LAPTOP-CNDP6MT4" failures="0" tests="1" name="harikrish.AppiumBasics" time="5.825" errors="0" timestamp="2025-01-18T19:38:46 IST" skipped="0">
  <testcase classname="harikrish.AppiumBasics" name="WifiSettings" time="5.825"/>
</testsuite> <!-- harikrish.AppiumBasics -->
