<?xml version="1.0" encoding="UTF-8"?>
<!-- Generated by org.testng.reporters.JUnitReportReporter -->
<testsuite hostname="LAPTOP-CNDP6MT4" failures="0" tests="1" name="harikrish.eCommerce_tc_01" time="12.236" errors="0" timestamp="2025-01-21T00:52:20 IST" skipped="0">
  <testcase classname="harikrish.eCommerce_tc_01" name="FillForm" time="12.236"/>
</testsuite> <!-- harikrish.eCommerce_tc_01 -->
