<?xml version="1.0" encoding="UTF-8"?>
<!-- Generated by org.testng.reporters.JUnitReportReporter -->
<testsuite hostname="LAPTOP-CNDP6MT4" failures="0" tests="1" name="harikrish.LongPress" time="7.537" errors="0" timestamp="2025-01-18T21:10:59 IST" skipped="0">
  <testcase classname="harikrish.LongPress" name="LongPressGesture" time="7.537"/>
</testsuite> <!-- harikrish.LongPress -->
