<?xml version="1.0" encoding="UTF-8"?>
<!-- Generated by org.testng.reporters.JUnitReportReporter -->
<testsuite hostname="LAPTOP-CNDP6MT4" failures="0" tests="6" name="org.demo.Sample" time="5.867" errors="0" timestamp="01 Apr 2025 15:46:59 GMT" skipped="0">
  <testcase classname="org.demo.Sample" name="tc0" time="2.085"/>
  <testcase classname="org.demo.Sample" name="tc01" time="1.198"/>
  <testcase classname="org.demo.Sample" name="tc4" time="0.618"/>
  <testcase classname="org.demo.Sample" name="tc2" time="0.701"/>
  <testcase classname="org.demo.Sample" name="tc3" time="0.697"/>
  <testcase classname="org.demo.Sample" name="tc5" time="0.568"/>
</testsuite> <!-- org.demo.Sample -->
