<?xml version="1.0" encoding="UTF-8"?>
<!-- Generated by org.testng.reporters.JUnitReportReporter -->
<testsuite hostname="LAPTOP-CNDP6MT4" failures="0" tests="2" name="org.execution.TC02_ProductPage" time="0.713" errors="0" timestamp="22 Aug 2024 10:42:01 GMT" skipped="0">
  <testcase classname="org.execution.TC02_ProductPage" name="ValidateProductPage" time="0.109"/>
  <testcase classname="org.execution.TC02_ProductPage" name="ProductSelection" time="0.604"/>
</testsuite> <!-- org.execution.TC02_ProductPage -->
