<?xml version="1.0" encoding="UTF-8"?>
<!-- Generated by org.testng.reporters.JUnitReportReporter -->
<testsuite hostname="LAPTOP-CNDP6MT4" failures="0" tests="3" name="org.execution.TC01_SauceLoginPage" time="7.071" errors="0" timestamp="22 Aug 2024 10:42:01 GMT" skipped="0">
  <testcase classname="org.execution.TC01_SauceLoginPage" name="Browser" time="5.455"/>
  <testcase classname="org.execution.TC01_SauceLoginPage" name="Validate_Credentials" time="0.099"/>
  <testcase classname="org.execution.TC01_SauceLoginPage" name="LoginCredentials" time="1.517"/>
</testsuite> <!-- org.execution.TC01_SauceLoginPage -->
