<?xml version="1.0" encoding="UTF-8"?>
<!-- Generated by org.testng.reporters.JUnitReportReporter -->
<testsuite hostname="LAPTOP-CNDP6MT4" failures="0" tests="2" name="org.execution.TC04_InformationPage" time="0.776" errors="0" timestamp="22 Aug 2024 10:42:01 GMT" skipped="0">
  <testcase classname="org.execution.TC04_InformationPage" name="ValidateInformationPage" time="0.103"/>
  <testcase classname="org.execution.TC04_InformationPage" name="YourInformation" time="0.673"/>
</testsuite> <!-- org.execution.TC04_InformationPage -->
