<?xml version="1.0" encoding="UTF-8"?>
<!-- Generated by org.testng.reporters.JUnitReportReporter -->
<testsuite hostname="LAPTOP-CNDP6MT4" failures="0" tests="1" name="org.execution.TC06_FinishPage" time="0.108" errors="0" timestamp="22 Aug 2024 10:42:01 GMT" skipped="0">
  <testcase classname="org.execution.TC06_FinishPage" name="ValidateFinishPage" time="0.108"/>
</testsuite> <!-- org.execution.TC06_FinishPage -->
