<?xml version="1.0" encoding="UTF-8"?>
<!-- Generated by org.testng.reporters.JUnitReportReporter -->
<testsuite hostname="LAPTOP-CNDP6MT4" failures="0" tests="1" name="org.execution.TC05_OverviewPage" time="0.370" errors="0" timestamp="22 Aug 2024 10:42:01 GMT" skipped="0">
  <testcase classname="org.execution.TC05_OverviewPage" name="OrderConfirmation" time="0.370"/>
</testsuite> <!-- org.execution.TC05_OverviewPage -->
