<?xml version="1.0" encoding="UTF-8"?>
<!-- Generated by org.testng.reporters.JUnitReportReporter -->
<testsuite hostname="LAPTOP-CNDP6MT4" failures="0" tests="2" name="org.execution.TC03_CheckoutPage" time="0.240" errors="0" timestamp="22 Aug 2024 10:42:01 GMT" skipped="0">
  <testcase classname="org.execution.TC03_CheckoutPage" name="Validate_Check_Out" time="0.064"/>
  <testcase classname="org.execution.TC03_CheckoutPage" name="Checkout" time="0.176"/>
</testsuite> <!-- org.execution.TC03_CheckoutPage -->
